c:\users\golov\source\repos\lab3\lab3\x64\debug\vc143.pdb
c:\users\golov\source\repos\lab3\lab3\x64\debug\.netframework,version=v4.7.2.assemblyattributes.obj
c:\users\golov\source\repos\lab3\lab3\x64\debug\tformula.obj
c:\users\golov\source\repos\lab3\lab3\x64\debug\tstack.obj
c:\users\golov\source\repos\lab3\lab3\x64\debug\myform.obj
c:\users\golov\source\repos\lab3\x64\debug\lab3.exe
c:\users\golov\source\repos\lab3\x64\debug\lab3.pdb
c:\users\golov\source\repos\lab3\lab3\x64\debug\lab3.tlog\cl.command.1.tlog
c:\users\golov\source\repos\lab3\lab3\x64\debug\lab3.tlog\cl.read.1.tlog
c:\users\golov\source\repos\lab3\lab3\x64\debug\lab3.tlog\cl.write.1.tlog
c:\users\golov\source\repos\lab3\lab3\x64\debug\lab3.tlog\link.12348-cvtres.read.1.tlog
c:\users\golov\source\repos\lab3\lab3\x64\debug\lab3.tlog\link.12348-cvtres.write.1.tlog
c:\users\golov\source\repos\lab3\lab3\x64\debug\lab3.tlog\link.12348-rc.read.1.tlog
c:\users\golov\source\repos\lab3\lab3\x64\debug\lab3.tlog\link.12348-rc.write.1.tlog
c:\users\golov\source\repos\lab3\lab3\x64\debug\lab3.tlog\link.12348.read.1.tlog
c:\users\golov\source\repos\lab3\lab3\x64\debug\lab3.tlog\link.12348.read.2.tlog
c:\users\golov\source\repos\lab3\lab3\x64\debug\lab3.tlog\link.12348.write.1.tlog
c:\users\golov\source\repos\lab3\lab3\x64\debug\lab3.tlog\link.23580-cvtres.read.1.tlog
c:\users\golov\source\repos\lab3\lab3\x64\debug\lab3.tlog\link.23580-cvtres.write.1.tlog
c:\users\golov\source\repos\lab3\lab3\x64\debug\lab3.tlog\link.23580-rc.read.1.tlog
c:\users\golov\source\repos\lab3\lab3\x64\debug\lab3.tlog\link.23580-rc.write.1.tlog
c:\users\golov\source\repos\lab3\lab3\x64\debug\lab3.tlog\link.23580.read.1.tlog
c:\users\golov\source\repos\lab3\lab3\x64\debug\lab3.tlog\link.23580.read.2.tlog
c:\users\golov\source\repos\lab3\lab3\x64\debug\lab3.tlog\link.23580.write.1.tlog
c:\users\golov\source\repos\lab3\lab3\x64\debug\lab3.tlog\link.880-cvtres.read.1.tlog
c:\users\golov\source\repos\lab3\lab3\x64\debug\lab3.tlog\link.880-cvtres.write.1.tlog
c:\users\golov\source\repos\lab3\lab3\x64\debug\lab3.tlog\link.880-rc.read.1.tlog
c:\users\golov\source\repos\lab3\lab3\x64\debug\lab3.tlog\link.880-rc.write.1.tlog
c:\users\golov\source\repos\lab3\lab3\x64\debug\lab3.tlog\link.880.read.1.tlog
c:\users\golov\source\repos\lab3\lab3\x64\debug\lab3.tlog\link.880.read.2.tlog
c:\users\golov\source\repos\lab3\lab3\x64\debug\lab3.tlog\link.880.write.1.tlog
c:\users\golov\source\repos\lab3\lab3\x64\debug\lab3.tlog\link.command.1.tlog
c:\users\golov\source\repos\lab3\lab3\x64\debug\lab3.tlog\link.read.1.tlog
c:\users\golov\source\repos\lab3\lab3\x64\debug\lab3.tlog\link.read.2.tlog
c:\users\golov\source\repos\lab3\lab3\x64\debug\lab3.tlog\link.write.1.tlog
c:\users\golov\source\repos\lab3\lab3\x64\debug\lab3.tlog\metagen.read.1.tlog
c:\users\golov\source\repos\lab3\lab3\x64\debug\lab3.tlog\metagen.write.1.tlog
c:\users\golov\source\repos\lab3\lab3\x64\debug\lab3.tlog\resgen.command.1.tlog
c:\users\golov\source\repos\lab3\lab3\x64\debug\lab3.tlog\resgen.read.1.tlog
c:\users\golov\source\repos\lab3\lab3\x64\debug\lab3.tlog\resgen.write.1.tlog
